# JRE version: Java(TM) SE Runtime Environment (18.0.2.1+1) (build 18.0.2.1+1-1)
# Java VM: Java HotSpot(TM) 64-Bit Server VM (18.0.2.1+1-1, mixed mode, sharing, tiered, compressed oops, compressed class ptrs, g1 gc, windows-amd64)
GC Precious Log:
 CardTable entry size: 512
 Card Set container configuration: InlinePtr #cards 4 size 8 Array Of Cards #cards 32 size 80 Howl #buckets 8 coarsen threshold 7372 Howl Bitmap #cards 1024 size 144 coarsen threshold 921 Card regions per heap region 1 cards per card region 8192
 CPUs: 16 total, 16 available
 Memory: 32581M
 Large Page Support: Disabled
 NUMA Support: Disabled
 Compressed Oops: Enabled (Zero based)
 Heap Region Size: 4M
 Heap Min Capacity: 8M
 Heap Initial Capacity: 512M
 Heap Max Capacity: 8148M
 Pre-touch: Disabled
 Parallel Workers: 13
 Concurrent Workers: 3
 Concurrent Refinement Workers: 13
 Periodic GC: Disabled
Heap:
 garbage-first heap   total 524288K, used 329824K [0x0000000602c00000, 0x0000000800000000)
  region size 4096K, 74 young (303104K), 4 survivors (16384K)
 Metaspace       used 9387K, committed 9664K, reserved 1114112K
  class space    used 891K, committed 1024K, reserved 1048576K
GC Heap History (20 events):
Event: 59.023 GC heap after
{Heap after GC invocations=13 (full 0):
 garbage-first heap   total 524288K, used 25497K [0x0000000602c00000, 0x0000000800000000)
  region size 4096K, 6 young (24576K), 6 survivors (24576K)
 Metaspace       used 9167K, committed 9408K, reserved 1114112K
  class space    used 890K, committed 1024K, reserved 1048576K
}
Event: 64.631 GC heap before
{Heap before GC invocations=13 (full 0):
 garbage-first heap   total 524288K, used 312217K [0x0000000602c00000, 0x0000000800000000)
  region size 4096K, 76 young (311296K), 6 survivors (24576K)
 Metaspace       used 9276K, committed 9472K, reserved 1114112K
  class space    used 890K, committed 1024K, reserved 1048576K
}
Event: 64.634 GC heap after
{Heap after GC invocations=14 (full 0):
 garbage-first heap   total 524288K, used 26449K [0x0000000602c00000, 0x0000000800000000)
  region size 4096K, 6 young (24576K), 6 survivors (24576K)
 Metaspace       used 9276K, committed 9472K, reserved 1114112K
  class space    used 890K, committed 1024K, reserved 1048576K
}
Event: 69.421 GC heap before
{Heap before GC invocations=14 (full 0):
 garbage-first heap   total 524288K, used 313169K [0x0000000602c00000, 0x0000000800000000)
  region size 4096K, 76 young (311296K), 6 survivors (24576K)
 Metaspace       used 9284K, committed 9472K, reserved 1114112K
  class space    used 890K, committed 1024K, reserved 1048576K
}
Event: 69.424 GC heap after
{Heap after GC invocations=15 (full 0):
 garbage-first heap   total 524288K, used 29397K [0x0000000602c00000, 0x0000000800000000)
  region size 4096K, 6 young (24576K), 6 survivors (24576K)
 Metaspace       used 9284K, committed 9472K, reserved 1114112K
  class space    used 890K, committed 1024K, reserved 1048576K
}
Event: 74.826 GC heap before
{Heap before GC invocations=15 (full 0):
 garbage-first heap   total 524288K, used 316117K [0x0000000602c00000, 0x0000000800000000)
  region size 4096K, 76 young (311296K), 6 survivors (24576K)
 Metaspace       used 9290K, committed 9472K, reserved 1114112K
  class space    used 890K, committed 1024K, reserved 1048576K
}
Event: 74.830 GC heap after
{Heap after GC invocations=16 (full 0):
 garbage-first heap   total 524288K, used 30048K [0x0000000602c00000, 0x0000000800000000)
  region size 4096K, 6 young (24576K), 6 survivors (24576K)
 Metaspace       used 9290K, committed 9472K, reserved 1114112K
  class space    used 890K, committed 1024K, reserved 1048576K
}
Event: 79.780 GC heap before
{Heap before GC invocations=16 (full 0):
 garbage-first heap   total 524288K, used 316768K [0x0000000602c00000, 0x0000000800000000)
  region size 4096K, 76 young (311296K), 6 survivors (24576K)
 Metaspace       used 9294K, committed 9536K, reserved 1114112K
  class space    used 890K, committed 1024K, reserved 1048576K
}
Event: 79.783 GC heap after
{Heap after GC invocations=17 (full 0):
 garbage-first heap   total 524288K, used 32679K [0x0000000602c00000, 0x0000000800000000)
  region size 4096K, 6 young (24576K), 6 survivors (24576K)
 Metaspace       used 9294K, committed 9536K, reserved 1114112K
  class space    used 890K, committed 1024K, reserved 1048576K
}
Event: 84.991 GC heap before
{Heap before GC invocations=17 (full 0):
 garbage-first heap   total 524288K, used 319399K [0x0000000602c00000, 0x0000000800000000)
  region size 4096K, 76 young (311296K), 6 survivors (24576K)
 Metaspace       used 9295K, committed 9536K, reserved 1114112K
  class space    used 890K, committed 1024K, reserved 1048576K
}
Event: 84.994 GC heap after
{Heap after GC invocations=18 (full 0):
 garbage-first heap   total 524288K, used 34616K [0x0000000602c00000, 0x0000000800000000)
  region size 4096K, 6 young (24576K), 6 survivors (24576K)
 Metaspace       used 9295K, committed 9536K, reserved 1114112K
  class space    used 890K, committed 1024K, reserved 1048576K
}
Event: 90.251 GC heap before
{Heap before GC invocations=18 (full 0):
 garbage-first heap   total 524288K, used 321336K [0x0000000602c00000, 0x0000000800000000)
  region size 4096K, 76 young (311296K), 6 survivors (24576K)
 Metaspace       used 9295K, committed 9536K, reserved 1114112K
  class space    used 890K, committed 1024K, reserved 1048576K
}
Event: 90.255 GC heap after
{Heap after GC invocations=19 (full 0):
 garbage-first heap   total 524288K, used 36815K [0x0000000602c00000, 0x0000000800000000)
  region size 4096K, 6 young (24576K), 6 survivors (24576K)
 Metaspace       used 9295K, committed 9536K, reserved 1114112K
  class space    used 890K, committed 1024K, reserved 1048576K
}
Event: 95.438 GC heap before
{Heap before GC invocations=19 (full 0):
 garbage-first heap   total 524288K, used 323535K [0x0000000602c00000, 0x0000000800000000)
  region size 4096K, 76 young (311296K), 6 survivors (24576K)
 Metaspace       used 9379K, committed 9664K, reserved 1114112K
  class space    used 890K, committed 1024K, reserved 1048576K
}
Event: 95.442 GC heap after
{Heap after GC invocations=20 (full 0):
 garbage-first heap   total 524288K, used 39651K [0x0000000602c00000, 0x0000000800000000)
  region size 4096K, 7 young (28672K), 7 survivors (28672K)
 Metaspace       used 9379K, committed 9664K, reserved 1114112K
  class space    used 890K, committed 1024K, reserved 1048576K
}
Event: 100.720 GC heap before
{Heap before GC invocations=20 (full 0):
 garbage-first heap   total 524288K, used 322275K [0x0000000602c00000, 0x0000000800000000)
  region size 4096K, 76 young (311296K), 7 survivors (28672K)
 Metaspace       used 9379K, committed 9664K, reserved 1114112K
  class space    used 890K, committed 1024K, reserved 1048576K
}
Event: 100.724 GC heap after
{Heap after GC invocations=21 (full 0):
 garbage-first heap   total 524288K, used 40734K [0x0000000602c00000, 0x0000000800000000)
  region size 4096K, 6 young (24576K), 6 survivors (24576K)
 Metaspace       used 9379K, committed 9664K, reserved 1114112K
  class space    used 890K, committed 1024K, reserved 1048576K
}
Event: 105.586 GC heap before
{Heap before GC invocations=21 (full 0):
 garbage-first heap   total 524288K, used 327454K [0x0000000602c00000, 0x0000000800000000)
  region size 4096K, 76 young (311296K), 6 survivors (24576K)
 Metaspace       used 9379K, committed 9664K, reserved 1114112K
  class space    used 890K, committed 1024K, reserved 1048576K
}
Event: 105.589 GC heap after
{Heap after GC invocations=22 (full 0):
 garbage-first heap   total 524288K, used 43104K [0x0000000602c00000, 0x0000000800000000)
  region size 4096K, 6 young (24576K), 6 survivors (24576K)
 Metaspace       used 9379K, committed 9664K, reserved 1114112K
  class space    used 890K, committed 1024K, reserved 1048576K
}
Event: 110.714 GC heap before
{Heap before GC invocations=22 (full 0):
 garbage-first heap   total 524288K, used 329824K [0x0000000602c00000, 0x0000000800000000)
  region size 4096K, 76 young (311296K), 6 survivors (24576K)
 Metaspace       used 9387K, committed 9664K, reserved 1114112K
  class space    used 891K, committed 1024K, reserved 1048576K
}

